0 info it worked if it ends with ok
1 verbose cli [ '/usr/bin/nodejs', '/usr/bin/npm', 'run', 'test' ]
2 info using npm@3.8.6
3 info using node@v5.11.1
4 verbose run-script [ 'pretest', 'test', 'posttest' ]
5 info lifecycle angular2-quickstart@1.0.0~pretest: angular2-quickstart@1.0.0
6 verbose lifecycle angular2-quickstart@1.0.0~pretest: unsafe-perm in lifecycle true
7 verbose lifecycle angular2-quickstart@1.0.0~pretest: PATH: /usr/lib/node_modules/npm/bin/node-gyp-bin:/home/templth/work/repositories/git/map-visualizer/node_modules/.bin:/usr/bin:/usr/local/sbin:/usr/local/bin:/usr/sbin:/usr/bin:/sbin:/bin:/usr/games:/usr/local/games:/home/templth/work/applications/database/dse-4.6.7/bin
8 verbose lifecycle angular2-quickstart@1.0.0~pretest: CWD: /home/templth/work/repositories/git/map-visualizer
9 silly lifecycle angular2-quickstart@1.0.0~pretest: Args: [ '-c', 'npm run build' ]
10 silly lifecycle angular2-quickstart@1.0.0~pretest: Returned: code: 0  signal: null
11 info lifecycle angular2-quickstart@1.0.0~test: angular2-quickstart@1.0.0
12 verbose lifecycle angular2-quickstart@1.0.0~test: unsafe-perm in lifecycle true
13 verbose lifecycle angular2-quickstart@1.0.0~test: PATH: /usr/lib/node_modules/npm/bin/node-gyp-bin:/home/templth/work/repositories/git/map-visualizer/node_modules/.bin:/usr/bin:/usr/local/sbin:/usr/local/bin:/usr/sbin:/usr/bin:/sbin:/bin:/usr/games:/usr/local/games:/home/templth/work/applications/database/dse-4.6.7/bin
14 verbose lifecycle angular2-quickstart@1.0.0~test: CWD: /home/templth/work/repositories/git/map-visualizer
15 silly lifecycle angular2-quickstart@1.0.0~test: Args: [ '-c', 'karma start karma.conf.js' ]
16 silly lifecycle angular2-quickstart@1.0.0~test: Returned: code: 1  signal: null
17 info lifecycle angular2-quickstart@1.0.0~test: Failed to exec test script
18 verbose stack Error: angular2-quickstart@1.0.0 test: `karma start karma.conf.js`
18 verbose stack Exit status 1
18 verbose stack     at EventEmitter.<anonymous> (/usr/lib/node_modules/npm/lib/utils/lifecycle.js:239:16)
18 verbose stack     at emitTwo (events.js:100:13)
18 verbose stack     at EventEmitter.emit (events.js:185:7)
18 verbose stack     at ChildProcess.<anonymous> (/usr/lib/node_modules/npm/lib/utils/spawn.js:24:14)
18 verbose stack     at emitTwo (events.js:100:13)
18 verbose stack     at ChildProcess.emit (events.js:185:7)
18 verbose stack     at maybeClose (internal/child_process.js:850:16)
18 verbose stack     at Process.ChildProcess._handle.onexit (internal/child_process.js:215:5)
19 verbose pkgid angular2-quickstart@1.0.0
20 verbose cwd /home/templth/work/repositories/git/map-visualizer
21 error Linux 3.13.0-24-generic
22 error argv "/usr/bin/nodejs" "/usr/bin/npm" "run" "test"
23 error node v5.11.1
24 error npm  v3.8.6
25 error code ELIFECYCLE
26 error angular2-quickstart@1.0.0 test: `karma start karma.conf.js`
26 error Exit status 1
27 error Failed at the angular2-quickstart@1.0.0 test script 'karma start karma.conf.js'.
27 error Make sure you have the latest version of node.js and npm installed.
27 error If you do, this is most likely a problem with the angular2-quickstart package,
27 error not with npm itself.
27 error Tell the author that this fails on your system:
27 error     karma start karma.conf.js
27 error You can get information on how to open an issue for this project with:
27 error     npm bugs angular2-quickstart
27 error Or if that isn't available, you can get their info via:
27 error     npm owner ls angular2-quickstart
27 error There is likely additional logging output above.
28 verbose exit [ 1, true ]
